<?xml version="1.0" encoding="utf-8"?><testsuites name="pytest tests"><testsuite name="pytest" errors="0" failures="0" skipped="0" tests="48" time="234.841" timestamp="2026-08-29T21:13:03.972535+00:00" hostname="agent-env-21072a5d-1a57-447b-af01-a5b250e561d8"><testcase classname="tests.backend_test" name="test_health" time="0.271" /><testcase classname="tests.backend_test" name="test_demo_login_and_me" time="0.239" /><testcase classname="tests.backend_test" name="test_signup_and_login" time="0.870" /><testcase classname="tests.backend_test" name="test_brute_force_lockout" time="2.085" /><testcase classname="tests.backend_test" name="test_logout" time="0.340" /><testcase classname="tests.backend_test" name="test_dashboard" time="0.074" /><testcase classname="tests.backend_test" name="test_list_analyses" time="0.073" /><testcase classname="tests.backend_test" name="test_get_seeded_analysis" time="0.073" /><testcase classname="tests.backend_test" name="test_seeded_findings" time="0.386" /><testcase classname="tests.backend_test" name="test_evidence_traceability" time="0.140" /><testcase classname="tests.backend_test" name="test_action_toggle_persists" time="0.504" /><testcase classname="tests.backend_test" name="test_documents_list" time="0.073" /><testcase classname="tests.backend_test" name="test_document_upload_and_delete" time="0.368" /><testcase classname="tests.backend_test" name="test_company" time="0.160" /><testcase classname="tests.backend_test" name="test_notifications" time="0.288" /><testcase classname="tests.backend_test" name="test_billing" time="0.238" /><testcase classname="tests.backend_test" name="test_users_invite_role" time="0.297" /><testcase classname="tests.backend_test" name="test_workspace_isolation" time="0.274" /><testcase classname="tests.backend_test" name="test_real_analysis_pipeline" time="73.866" /><testcase classname="tests.backend_test" name="test_report_download_seeded" time="0.140" /><testcase classname="tests.backend_test" name="test_report_requires_auth" time="0.328" /><testcase classname="tests.backend_test" name="test_report_workspace_isolation" time="0.134" /><testcase classname="tests.backend_test" name="test_report_nonexistent" time="0.073" /><testcase classname="tests.backend_test" name="test_document_upload_text_pdf_processed" time="0.372" /><testcase classname="tests.backend_test" name="test_semantic_retrieval_analysis" time="74.739" /><testcase classname="tests.backend_test" name="test_capacity_seeded" time="0.072" /><testcase classname="tests.backend_test" name="test_capacity_persist" time="0.287" /><testcase classname="tests.backend_test" name="test_opportunities_seeded" time="0.075" /><testcase classname="tests.backend_test" name="test_opportunity_stage_patch_persists" time="0.324" /><testcase classname="tests.backend_test" name="test_portfolio_optimize_baseline_value" time="0.075" /><testcase classname="tests.backend_test" name="test_portfolio_optimize_whatif_specialist" time="0.083" /><testcase classname="tests.backend_test" name="test_portfolio_conflicts" time="0.075" /><testcase classname="tests.backend_test" name="test_portfolio_summary" time="0.082" /><testcase classname="tests.backend_test" name="test_portfolio_compare" time="0.073" /><testcase classname="tests.backend_test" name="test_portfolio_compare_requires_two" time="0.074" /><testcase classname="tests.backend_test" name="test_portfolio_objectives" time="0.074" /><testcase classname="tests.test_phase22" name="test_patch_opp_c_resources_persists_and_marks_user_provided" time="0.619" /><testcase classname="tests.test_phase22" name="test_patch_opportunity_not_found" time="0.093" /><testcase classname="tests.test_phase22" name="test_scenario_compare_value_objective_baseline_vs_specialist" time="0.513" /><testcase classname="tests.test_phase22" name="test_scenario_compare_scenario_not_found" time="0.072" /><testcase classname="tests.test_phase22" name="test_portfolio_optimize_value_still_yields_a_and_c" time="0.071" /><testcase classname="tests.test_phase22" name="test_opportunities_list_is_five" time="0.070" /><testcase classname="tests.test_phase2_followup" name="test_to_opportunity_existing_returns_created_false" time="0.296" /><testcase classname="tests.test_phase2_followup" name="test_to_opportunity_new_analysis_flow_full" time="72.385" /><testcase classname="tests.test_phase2_followup" name="test_portfolio_report_pdf" time="0.076" /><testcase classname="tests.test_phase2_followup" name="test_portfolio_report_requires_auth" time="0.280" /><testcase classname="tests.test_phase2_followup" name="test_scenarios_crud" time="0.311" /><testcase classname="tests.test_phase2_followup" name="test_capacity_suggest_ai_inferred_not_persisted" time="2.271" /></testsuite></testsuites>