<?xml version="1.0" encoding="utf-8"?><testsuites name="pytest tests"><testsuite name="pytest" errors="0" failures="0" skipped="0" tests="6" time="82.686" timestamp="2026-08-29T20:53:32.591156+00:00" hostname="agent-env-21072a5d-1a57-447b-af01-a5b250e561d8"><testcase classname="tests.test_phase2_followup" name="test_to_opportunity_existing_returns_created_false" time="0.459" /><testcase classname="tests.test_phase2_followup" name="test_to_opportunity_new_analysis_flow_full" time="77.753" /><testcase classname="tests.test_phase2_followup" name="test_portfolio_report_pdf" time="0.148" /><testcase classname="tests.test_phase2_followup" name="test_portfolio_report_requires_auth" time="0.315" /><testcase classname="tests.test_phase2_followup" name="test_scenarios_crud" time="0.291" /><testcase classname="tests.test_phase2_followup" name="test_capacity_suggest_ai_inferred_not_persisted" time="3.239" /></testsuite></testsuites>