<?xml version="1.0" encoding="utf-8"?><testsuites name="pytest tests"><testsuite name="pytest" errors="0" failures="0" skipped="0" tests="6" time="1.849" timestamp="2026-08-29T21:12:57.826459+00:00" hostname="agent-env-21072a5d-1a57-447b-af01-a5b250e561d8"><testcase classname="tests.test_phase22" name="test_patch_opp_c_resources_persists_and_marks_user_provided" time="0.839" /><testcase classname="tests.test_phase22" name="test_patch_opportunity_not_found" time="0.073" /><testcase classname="tests.test_phase22" name="test_scenario_compare_value_objective_baseline_vs_specialist" time="0.539" /><testcase classname="tests.test_phase22" name="test_scenario_compare_scenario_not_found" time="0.077" /><testcase classname="tests.test_phase22" name="test_portfolio_optimize_value_still_yields_a_and_c" time="0.078" /><testcase classname="tests.test_phase22" name="test_opportunities_list_is_five" time="0.075" /></testsuite></testsuites>