<?xml version="1.0" encoding="utf-8"?><testsuites name="pytest tests"><testsuite name="pytest" errors="0" failures="0" skipped="0" tests="36" time="152.983" timestamp="2026-08-29T20:40:43.127098+00:00" hostname="agent-env-21072a5d-1a57-447b-af01-a5b250e561d8"><testcase classname="tests.backend_test" name="test_health" time="0.198" /><testcase classname="tests.backend_test" name="test_demo_login_and_me" time="0.248" /><testcase classname="tests.backend_test" name="test_signup_and_login" time="0.838" /><testcase classname="tests.backend_test" name="test_brute_force_lockout" time="2.296" /><testcase classname="tests.backend_test" name="test_logout" time="0.283" /><testcase classname="tests.backend_test" name="test_dashboard" time="0.076" /><testcase classname="tests.backend_test" name="test_list_analyses" time="0.076" /><testcase classname="tests.backend_test" name="test_get_seeded_analysis" time="0.082" /><testcase classname="tests.backend_test" name="test_seeded_findings" time="0.389" /><testcase classname="tests.backend_test" name="test_evidence_traceability" time="0.151" /><testcase classname="tests.backend_test" name="test_action_toggle_persists" time="0.314" /><testcase classname="tests.backend_test" name="test_documents_list" time="0.077" /><testcase classname="tests.backend_test" name="test_document_upload_and_delete" time="0.392" /><testcase classname="tests.backend_test" name="test_company" time="0.158" /><testcase classname="tests.backend_test" name="test_notifications" time="0.220" /><testcase classname="tests.backend_test" name="test_billing" time="0.230" /><testcase classname="tests.backend_test" name="test_users_invite_role" time="0.294" /><testcase classname="tests.backend_test" name="test_workspace_isolation" time="0.222" /><testcase classname="tests.backend_test" name="test_real_analysis_pipeline" time="73.948" /><testcase classname="tests.backend_test" name="test_report_download_seeded" time="0.155" /><testcase classname="tests.backend_test" name="test_report_requires_auth" time="0.362" /><testcase classname="tests.backend_test" name="test_report_workspace_isolation" time="0.075" /><testcase classname="tests.backend_test" name="test_report_nonexistent" time="0.072" /><testcase classname="tests.backend_test" name="test_document_upload_text_pdf_processed" time="0.359" /><testcase classname="tests.backend_test" name="test_semantic_retrieval_analysis" time="69.632" /><testcase classname="tests.backend_test" name="test_capacity_seeded" time="0.071" /><testcase classname="tests.backend_test" name="test_capacity_persist" time="0.286" /><testcase classname="tests.backend_test" name="test_opportunities_seeded" time="0.075" /><testcase classname="tests.backend_test" name="test_opportunity_stage_patch_persists" time="0.296" /><testcase classname="tests.backend_test" name="test_portfolio_optimize_baseline_value" time="0.077" /><testcase classname="tests.backend_test" name="test_portfolio_optimize_whatif_specialist" time="0.071" /><testcase classname="tests.backend_test" name="test_portfolio_conflicts" time="0.071" /><testcase classname="tests.backend_test" name="test_portfolio_summary" time="0.123" /><testcase classname="tests.backend_test" name="test_portfolio_compare" time="0.077" /><testcase classname="tests.backend_test" name="test_portfolio_compare_requires_two" time="0.073" /><testcase classname="tests.backend_test" name="test_portfolio_objectives" time="0.069" /></testsuite></testsuites>